[Fri Feb 14 2014 14:46:31 GMT+0800 (CST)] /
Error: no open connections
    at Db._executeQueryCommand (/Users/ane/myspace/blog/node_modules/mongodb/lib/mongodb/db.js:1802:21)
    at Cursor.nextObject (/Users/ane/myspace/blog/node_modules/mongodb/lib/mongodb/cursor.js:729:13)
    at Cursor.nextObject (/Users/ane/myspace/blog/node_modules/mongodb/lib/mongodb/scope.js:22:20)
    at Collection.findOne (/Users/ane/myspace/blog/node_modules/mongodb/lib/mongodb/collection/query.js:145:10)
    at /Users/ane/myspace/blog/node_modules/connect-mongo/lib/connect-mongo.js:212:18
    at MongoStore._get_collection (/Users/ane/myspace/blog/node_modules/connect-mongo/lib/connect-mongo.js:148:21)
    at MongoStore.get (/Users/ane/myspace/blog/node_modules/connect-mongo/lib/connect-mongo.js:211:10)
    at Object.session [as handle] (/Users/ane/myspace/blog/node_modules/express/node_modules/connect/lib/middleware/session.js:311:11)
    at next (/Users/ane/myspace/blog/node_modules/express/node_modules/connect/lib/proto.js:193:15)
    at Object.cookieParser [as handle] (/Users/ane/myspace/blog/node_modules/express/node_modules/connect/lib/middleware/cookieParser.js:65:5)
[Fri Feb 14 2014 14:46:42 GMT+0800 (CST)] /
Error: no open connections
    at Db._executeQueryCommand (/Users/ane/myspace/blog/node_modules/mongodb/lib/mongodb/db.js:1802:21)
    at Cursor.nextObject (/Users/ane/myspace/blog/node_modules/mongodb/lib/mongodb/cursor.js:729:13)
    at Cursor.nextObject (/Users/ane/myspace/blog/node_modules/mongodb/lib/mongodb/scope.js:22:20)
    at Collection.findOne (/Users/ane/myspace/blog/node_modules/mongodb/lib/mongodb/collection/query.js:145:10)
    at /Users/ane/myspace/blog/node_modules/connect-mongo/lib/connect-mongo.js:212:18
    at MongoStore._get_collection (/Users/ane/myspace/blog/node_modules/connect-mongo/lib/connect-mongo.js:148:21)
    at MongoStore.get (/Users/ane/myspace/blog/node_modules/connect-mongo/lib/connect-mongo.js:211:10)
    at Object.session [as handle] (/Users/ane/myspace/blog/node_modules/express/node_modules/connect/lib/middleware/session.js:311:11)
    at next (/Users/ane/myspace/blog/node_modules/express/node_modules/connect/lib/proto.js:193:15)
    at Object.cookieParser [as handle] (/Users/ane/myspace/blog/node_modules/express/node_modules/connect/lib/middleware/cookieParser.js:65:5)
[Fri Feb 14 2014 14:47:00 GMT+0800 (CST)] /
Error: no open connections
    at Db._executeQueryCommand (/Users/ane/myspace/blog/node_modules/mongodb/lib/mongodb/db.js:1802:21)
    at Cursor.nextObject (/Users/ane/myspace/blog/node_modules/mongodb/lib/mongodb/cursor.js:729:13)
    at Cursor.nextObject (/Users/ane/myspace/blog/node_modules/mongodb/lib/mongodb/scope.js:22:20)
    at Collection.findOne (/Users/ane/myspace/blog/node_modules/mongodb/lib/mongodb/collection/query.js:145:10)
    at /Users/ane/myspace/blog/node_modules/connect-mongo/lib/connect-mongo.js:212:18
    at MongoStore._get_collection (/Users/ane/myspace/blog/node_modules/connect-mongo/lib/connect-mongo.js:148:21)
    at MongoStore.get (/Users/ane/myspace/blog/node_modules/connect-mongo/lib/connect-mongo.js:211:10)
    at Object.session [as handle] (/Users/ane/myspace/blog/node_modules/express/node_modules/connect/lib/middleware/session.js:311:11)
    at next (/Users/ane/myspace/blog/node_modules/express/node_modules/connect/lib/proto.js:193:15)
    at Object.cookieParser [as handle] (/Users/ane/myspace/blog/node_modules/express/node_modules/connect/lib/middleware/cookieParser.js:65:5)
